<?xml version="1.0" encoding="UTF-8"?>
<testng-results ignored="0" total="3" passed="2" failed="1" skipped="0">
  <reporter-output>
  </reporter-output>
  <suite started-at="2025-08-04T12:05:58 GMT+05:00" name="Default suite" finished-at="2025-08-04T12:09:17 GMT+05:00" duration-ms="199306">
    <groups>
    </groups>
    <test started-at="2025-08-04T12:05:58 GMT+05:00" name="Default test" finished-at="2025-08-04T12:09:17 GMT+05:00" duration-ms="199306">
      <class name="DemoPackage.FullflechTPcode">
        <test-method is-config="true" signature="setUp()[pri:0, instance:DemoPackage.FullflechTPcode@6771beb3]" started-at="2025-08-04T12:05:58 GMT+05:00" name="setUp" finished-at="2025-08-04T12:06:02 GMT+05:00" duration-ms="3967" status="PASS">
          <reporter-output>
          </reporter-output>
        </test-method> <!-- setUp -->
        <test-method signature="runForgotPasswordTests()[pri:1, instance:DemoPackage.FullflechTPcode@6771beb3]" started-at="2025-08-04T12:06:02 GMT+05:00" name="runForgotPasswordTests" finished-at="2025-08-04T12:08:01 GMT+05:00" duration-ms="118733" status="FAIL">
          <exception class="org.openqa.selenium.TimeoutException">
            <message>
              <![CDATA[Expected condition failed: waiting for element to be clickable: By.xpath: //button[normalize-space()='Ok'] (tried for 15 second(s) with 500 milliseconds interval)
Build info: version: '4.33.0', revision: '2c6aaad03a'
System info: os.name: 'Windows 10', os.arch: 'amd64', os.version: '10.0', java.version: '24.0.1'
Driver info: org.openqa.selenium.chrome.ChromeDriver
Capabilities {acceptInsecureCerts: false, browserName: chrome, browserVersion: 138.0.7204.184, chrome: {chromedriverVersion: 138.0.7204.183 (e90faf484dd..., userDataDir: C:\Users\USER\AppData\Local...}, fedcm:accounts: true, goog:chromeOptions: {debuggerAddress: localhost:55140}, networkConnectionEnabled: false, pageLoadStrategy: normal, platformName: windows, proxy: Proxy(), se:cdp: ws://localhost:55140/devtoo..., se:cdpVersion: 138.0.7204.184, setWindowRect: true, strictFileInteractability: false, timeouts: {implicit: 0, pageLoad: 300000, script: 30000}, unhandledPromptBehavior: dismiss and notify, webauthn:extension:credBlob: true, webauthn:extension:largeBlob: true, webauthn:extension:minPinLength: true, webauthn:extension:prf: true, webauthn:virtualAuthenticators: true}
Session ID: 60c1d4ad2be9c0ddb90bbfbc3deea830]]>
            </message>
            <full-stacktrace>
              <![CDATA[org.openqa.selenium.TimeoutException: Expected condition failed: waiting for element to be clickable: By.xpath: //button[normalize-space()='Ok'] (tried for 15 second(s) with 500 milliseconds interval)
Build info: version: '4.33.0', revision: '2c6aaad03a'
System info: os.name: 'Windows 10', os.arch: 'amd64', os.version: '10.0', java.version: '24.0.1'
Driver info: org.openqa.selenium.chrome.ChromeDriver
Capabilities {acceptInsecureCerts: false, browserName: chrome, browserVersion: 138.0.7204.184, chrome: {chromedriverVersion: 138.0.7204.183 (e90faf484dd..., userDataDir: C:\Users\USER\AppData\Local...}, fedcm:accounts: true, goog:chromeOptions: {debuggerAddress: localhost:55140}, networkConnectionEnabled: false, pageLoadStrategy: normal, platformName: windows, proxy: Proxy(), se:cdp: ws://localhost:55140/devtoo..., se:cdpVersion: 138.0.7204.184, setWindowRect: true, strictFileInteractability: false, timeouts: {implicit: 0, pageLoad: 300000, script: 30000}, unhandledPromptBehavior: dismiss and notify, webauthn:extension:credBlob: true, webauthn:extension:largeBlob: true, webauthn:extension:minPinLength: true, webauthn:extension:prf: true, webauthn:virtualAuthenticators: true}
Session ID: 60c1d4ad2be9c0ddb90bbfbc3deea830
at org.openqa.selenium.support.ui.WebDriverWait.timeoutException(WebDriverWait.java:84)
at org.openqa.selenium.support.ui.FluentWait.until(FluentWait.java:228)
at DemoPackage.FullflechTPcode.runForgotPasswordTests(FullflechTPcode.java:78)
at java.base/jdk.internal.reflect.DirectMethodHandleAccessor.invoke(DirectMethodHandleAccessor.java:104)
at java.base/java.lang.reflect.Method.invoke(Method.java:565)
at org.testng.internal.invokers.MethodInvocationHelper.invokeMethod(MethodInvocationHelper.java:141)
at org.testng.internal.invokers.TestInvoker.invokeMethod(TestInvoker.java:687)
at org.testng.internal.invokers.TestInvoker.invokeTestMethod(TestInvoker.java:230)
at org.testng.internal.invokers.MethodRunner.runInSequence(MethodRunner.java:63)
at org.testng.internal.invokers.TestInvoker$MethodInvocationAgent.invoke(TestInvoker.java:995)
at org.testng.internal.invokers.TestInvoker.invokeTestMethods(TestInvoker.java:203)
at org.testng.internal.invokers.TestMethodWorker.invokeTestMethods(TestMethodWorker.java:154)
at org.testng.internal.invokers.TestMethodWorker.run(TestMethodWorker.java:134)
at java.base/java.util.ArrayList.forEach(ArrayList.java:1604)
at org.testng.TestRunner.privateRun(TestRunner.java:741)
at org.testng.TestRunner.run(TestRunner.java:616)
at org.testng.SuiteRunner.runTest(SuiteRunner.java:421)
at org.testng.SuiteRunner.runSequentially(SuiteRunner.java:413)
at org.testng.SuiteRunner.privateRun(SuiteRunner.java:373)
at org.testng.SuiteRunner.run(SuiteRunner.java:312)
at org.testng.SuiteRunnerWorker.runSuite(SuiteRunnerWorker.java:52)
at org.testng.SuiteRunnerWorker.run(SuiteRunnerWorker.java:95)
at org.testng.TestNG.runSuitesSequentially(TestNG.java:1274)
at org.testng.TestNG.runSuitesLocally(TestNG.java:1208)
at org.testng.TestNG.runSuites(TestNG.java:1112)
at org.testng.TestNG.run(TestNG.java:1079)
at org.testng.remote.AbstractRemoteTestNG.run(AbstractRemoteTestNG.java:115)
at org.testng.remote.RemoteTestNG.initAndRun(RemoteTestNG.java:293)
at org.testng.remote.RemoteTestNG.main(RemoteTestNG.java:91)
]]>
            </full-stacktrace>
          </exception> <!-- org.openqa.selenium.TimeoutException -->
          <reporter-output>
          </reporter-output>
        </test-method> <!-- runForgotPasswordTests -->
        <test-method signature="runLoginTests()[pri:2, instance:DemoPackage.FullflechTPcode@6771beb3]" started-at="2025-08-04T12:08:01 GMT+05:00" name="runLoginTests" finished-at="2025-08-04T12:08:40 GMT+05:00" duration-ms="39391" status="PASS">
          <reporter-output>
          </reporter-output>
        </test-method> <!-- runLoginTests -->
        <test-method signature="LG_005_SuccessfulLoginAndWithdrawal()[pri:3, instance:DemoPackage.FullflechTPcode@6771beb3]" started-at="2025-08-04T12:08:40 GMT+05:00" name="LG_005_SuccessfulLoginAndWithdrawal" finished-at="2025-08-04T12:09:16 GMT+05:00" duration-ms="36223" status="PASS">
          <reporter-output>
          </reporter-output>
        </test-method> <!-- LG_005_SuccessfulLoginAndWithdrawal -->
        <test-method is-config="true" signature="tearDown()[pri:0, instance:DemoPackage.FullflechTPcode@6771beb3]" started-at="2025-08-04T12:09:16 GMT+05:00" name="tearDown" finished-at="2025-08-04T12:09:17 GMT+05:00" duration-ms="858" status="PASS">
          <reporter-output>
          </reporter-output>
        </test-method> <!-- tearDown -->
      </class> <!-- DemoPackage.FullflechTPcode -->
    </test> <!-- Default test -->
  </suite> <!-- Default suite -->
</testng-results>
