<?xml version="1.0" encoding="UTF-8"?>
<testng-results ignored="0" total="1" passed="1" failed="0" skipped="0">
  <reporter-output>
  </reporter-output>
  <suite started-at="2025-06-22T22:09:33 PDT" name="Default suite" finished-at="2025-06-22T22:10:17 PDT" duration-ms="43350">
    <groups>
    </groups>
    <test started-at="2025-06-22T22:09:33 PDT" name="Default test" finished-at="2025-06-22T22:10:17 PDT" duration-ms="43350">
      <class name="DemoPackage.logintest">
        <test-method is-config="true" signature="launchBrowser()[pri:0, instance:DemoPackage.logintest@34129c78]" started-at="2025-06-22T22:09:33 PDT" name="launchBrowser" finished-at="2025-06-22T22:09:45 PDT" duration-ms="11887" status="PASS">
          <reporter-output>
          </reporter-output>
        </test-method> <!-- launchBrowser -->
        <test-method is-config="true" signature="setup()[pri:0, instance:DemoPackage.logintest@34129c78]" started-at="2025-06-22T22:09:45 PDT" name="setup" finished-at="2025-06-22T22:09:46 PDT" duration-ms="1069" status="PASS">
          <reporter-output>
          </reporter-output>
        </test-method> <!-- setup -->
        <test-method signature="runAllLoginTests()[pri:0, instance:DemoPackage.logintest@34129c78]" started-at="2025-06-22T22:09:47 PDT" name="runAllLoginTests" finished-at="2025-06-22T22:10:13 PDT" duration-ms="26641" status="PASS">
          <reporter-output>
          </reporter-output>
        </test-method> <!-- runAllLoginTests -->
        <test-method is-config="true" signature="teardown()[pri:0, instance:DemoPackage.logintest@34129c78]" started-at="2025-06-22T22:10:14 PDT" name="teardown" finished-at="2025-06-22T22:10:17 PDT" duration-ms="2993" status="PASS">
          <reporter-output>
          </reporter-output>
        </test-method> <!-- teardown -->
        <test-method is-config="true" signature="closeBrowser()[pri:0, instance:DemoPackage.logintest@34129c78]" started-at="2025-06-22T22:10:17 PDT" name="closeBrowser" finished-at="2025-06-22T22:10:17 PDT" duration-ms="19" status="PASS">
          <reporter-output>
          </reporter-output>
        </test-method> <!-- closeBrowser -->
      </class> <!-- DemoPackage.logintest -->
    </test> <!-- Default test -->
  </suite> <!-- Default suite -->
</testng-results>
